TITLE     Model of 1982 Penn State Championship Bottle
!---------------------------------  0 ---------------------------------
BEGIN      The mouth
 1.0000E+05 a Mean P Pa                 
  300.00    b Freq   Hz                 
  300.00    c TBeg   K                  
    1.0000  d |p|    Pa                 
     0.0000 e Ph(p)  deg                
 1.0000E-04 f |U|    m^3/s              
     0.0000 g Ph(U)  deg                
air           Gas type                  
!---------------------------------  1 ---------------------------------
DUCT       the neck
 2.1410E-04 a Area   m^2                     0.0000 A |p|    Pa                 
 5.1870E-02 b Perim  m                       0.0000 B Ph(p)  deg                
 1.7780E-02 c Length m                       0.0000 C |U|    m^3/s              
                                             0.0000 D Ph(U)  deg                
                                             0.0000 E Htot   W                  
ideal           Solid type                   0.0000 F Edot   W                  
!---------------------------------  2 ---------------------------------
CONE       Transition from neck to volume
 2.1410E-04 a AreaI  m^2                     0.0000 A |p|    Pa                 
 5.1870E-02 b PerimI m                       0.0000 B Ph(p)  deg                
    0.1003  c Length m                       0.0000 C |U|    m^3/s              
 1.8680E-03 d AreaF  m^2                     0.0000 D Ph(U)  deg                
    0.1532  e PerimF m                       0.0000 E Htot   W                  
ideal           Solid type                   0.0000 F Edot   W                  
!---------------------------------  3 ---------------------------------
DUCT       Bottle volume
 1.8680E-03 a Area   m^2                     0.0000 A |p|    Pa                 
    0.1532  b Perim  m                       0.0000 B Ph(p)  deg                
    0.1270  c Length m                       0.0000 C |U|    m^3/s              
                                             0.0000 D Ph(U)  deg                
                                             0.0000 E Htot   W                  
ideal           Solid type                   0.0000 F Edot   W                  
!---------------------------------  4 ---------------------------------
SURFACE     Bottom End
 1.8680E-03 a Area   m^2                     0.0000 A |p|    Pa                 
                                             0.0000 B Ph(p)  deg                
                                             0.0000 C |U|    m^3/s              
                                             0.0000 D Ph(U)  deg                
                                             0.0000 E Htot   W                  
ideal           Solid type                   0.0000 F Edot   W                  
! The restart information below was generated by a previous run
! and will be used by DeltaEC the next time it opens this file.
