TITLE      Model of 1982 Penn State Championship Bottle
!->C:\Users\092710\Documents\DeltaEC\PySource\Examples\TEMPORARY\bottle6.out
!Created@18:24:47  22-Aug-2019 with DeltaEC version 6.4b2.8!under win32,
using Win 6.1.7601 (Service Pack 1) under Python 2.7.9.
!---------------------------------  0 ---------------------------------
BEGIN      The mouth
 1.0000E+5  a Mean P Pa                 
  194.97    b Freq   Hz       G         
  300.00    c TBeg   K                  
    0.66386 d |p|    Pa       G         
     0.0000 e Ph(p)  deg                
 1.0000E-4  f |U|    m^3/s              
     0.0000 g Ph(U)  deg                
air           Gas type                  
!---------------------------------  1 ---------------------------------
DUCT       the neck
 2.1410E-4  a Area   m^2      Mstr         12.043   A |p|    Pa
 5.1870E-2  b Perim  m        1a          -87.986   B Ph(p)  deg
 1.7780E-2  c Length m                   9.9797E-5  C |U|    m^3/s
                                        -9.4242E-3  D Ph(U)  deg
                                         3.3193E-5  E Htot   W
ideal           Solid type               2.1216E-5  F Edot   W
!---------------------------------  2 ---------------------------------
CONE       Transition from neck to volume
sameas   1a a AreaI  m^2                   33.941   A |p|    Pa
sameas   1b b PerimI m                    -89.794   B Ph(p)  deg
    0.1003  c Length m                   7.5901E-5  C |U|    m^3/s
sameas   3a d AreaF  m^2                -3.4885E-2  D Ph(U)  deg
sameas   3b e PerimF m                   3.3193E-5  E Htot   W
ideal           Solid type               5.4199E-6  F Edot   W
!---------------------------------  3 ---------------------------------
DUCT       Bottle volume
 1.8680E-3  a Area   m^2      Mstr         37.700   A |p|    Pa
    0.1532  b Perim  m        3a          -89.859   B Ph(p)  deg
    0.1270  c Length m                   3.3399E-8  C |U|    m^3/s
                                          -44.859   D Ph(U)  deg
                                         3.3193E-5  E Htot   W
ideal           Solid type               4.4517E-7  F Edot   W
!---------------------------------  4 ---------------------------------
SURFACE    Bottom End
sameas   3a a Area   m^2                   37.700   A |p|    Pa
                                          -89.859   B Ph(p)  deg
                                         1.6853E-20 C |U|    m^3/s
                                          177.63    D Ph(U)  deg
                                         3.3193E-5  E Htot   W
ideal           Solid type              -1.3943E-20 F Edot   W
!---------------------------------  5 ---------------------------------
HARDEND    Final
     0.0000 a R(1/z)          =5G          37.700   A |p|    Pa
     0.0000 b I(1/z)          =5H         -89.859   B Ph(p)  deg
     0.0000 c Htot   W                   1.6853E-20 C |U|    m^3/s
                                          177.63    D Ph(U)  deg
                                         3.3193E-5  E Htot   W
                                        -1.3943E-20 F Edot   W
                                        -4.2350E-18 G R(1/z)
                                        -9.6394E-17 H I(1/z)
! The restart information below was generated by a previous run
! and will be used by DeltaEC the next time it opens this file.
guessz   0b   0d
xprecn -2.5750E-3   5.0344E-7 
targs    5a   5b
mstr-slave 2 1 -2 3 -2
! Plot start, end, and step values.  May be edited if you wish.
! Outer Loop:                       | Inner Loop .

