TITLE      Model of 1982 Penn State Championship Bottle
!->C:\Users\092710\Documents\DeltaEC\PySource\Examples\TEMPORARY\bottle2.out
!Created@18:24:13  22-Aug-2019 with DeltaEC version 6.4b2.8!under win32,
using Win 6.1.7601 (Service Pack 1) under Python 2.7.9.
!---------------------------------  0 ---------------------------------
BEGIN      The mouth
 1.0000E+5  a Mean P Pa                 
  300.00    b Freq   Hz                 
  300.00    c TBeg   K                  
    1.0000  d |p|    Pa                 
     0.0000 e Ph(p)  deg                
 1.0000E-4  f |U|    m^3/s              
     0.0000 g Ph(U)  deg                
air           Gas type                  
!---------------------------------  1 ---------------------------------
DUCT       the neck
 2.1410E-4  a Area   m^2                   18.447   A |p|    Pa
 5.1870E-2  b Perim  m                    -87.821   B Ph(p)  deg
 1.7780E-2  c Length m                   9.9523E-5  C |U|    m^3/s
                                        -2.3265E-2  D Ph(U)  deg
                                         5.0000E-5  E Htot   W
ideal           Solid type               3.5269E-5  F Edot   W
!---------------------------------  2 ---------------------------------
CONE       Transition from neck to volume
 2.1410E-4  a AreaI  m^2                   50.113   A |p|    Pa
 5.1870E-2  b PerimI m                    -89.64    B Ph(p)  deg
    0.1003  c Length m                   4.4387E-5  C |U|    m^3/s
 1.8680E-3  d AreaF  m^2                   -0.3963  D Ph(U)  deg
    0.1532  e PerimF m                   5.0000E-5  E Htot   W
ideal           Solid type               1.4689E-5  F Edot   W
!---------------------------------  3 ---------------------------------
DUCT       Bottle volume
 1.8680E-3  a Area   m^2                   44.703   A |p|    Pa
    0.1532  b Perim  m                    -89.668   B Ph(p)  deg
    0.1270  c Length m                   1.1380E-4  C |U|    m^3/s
                                         -179.59    D Ph(U)  deg
                                         5.0000E-5  E Htot   W
ideal           Solid type               3.4291E-6  F Edot   W
!---------------------------------  4 ---------------------------------
SURFACE    Bottom End
 1.8680E-3  a Area   m^2                   44.703   A |p|    Pa
                                          -89.668   B Ph(p)  deg
                                         1.1383E-4  C |U|    m^3/s
                                         -179.61    D Ph(U)  deg
                                         5.0000E-5  E Htot   W
ideal           Solid type               2.6526E-6  F Edot   W
! The restart information below was generated by a previous run
! and will be used by DeltaEC the next time it opens this file.
