TITLE      Example 1: Plane-wave resonator
!->C:\Users\092710\Documents\DeltaEC\PySource\Examples\TEMPORARY\lrc3.out
!Created@18:25:30  22-Aug-2019 with DeltaEC version 6.4b2.8!under win32,
using Win 6.1.7601 (Service Pack 1) under Python 2.7.9.
!---------------------------------  0 ---------------------------------
BEGIN      Initialize things
 1.0000E+5  a Mean P Pa                 
   60.000   b Freq   Hz                 
  300.00    c TBeg   K                  
 2000.0     d |p|    Pa                 
     0.0000 e Ph(p)  deg                
 6.1691E-3  f |U|    m^3/s    G         
   80.907   g Ph(U)  deg      G         
air           Gas type                  
!---------------------------------  1 ---------------------------------
TBRANCH    the split
 3.7135E+5  a Re(Zb) Pa-s/m^3 G          2000.0     A |p|    Pa
-2.6889E+5  b Im(Zb) Pa-s/m^3 G              0.0000 B Ph(p)  deg
  300.00    c HtotBr W                   4.3622E-3  C |U|    m^3/s
                                           35.907   D Ph(U)  deg
                                          300.00    E HtotBr W
                                            3.5333  F EdotBr W
                                           -2.5584  G EdotTr W
!---------------------------------  2 ---------------------------------
IMPEDANCE  pure inertance
     0.0000 a Re(Zs) Pa-s/m^3            2283.3     A |p|    Pa
 1.0000E+5  b Im(Zs) Pa-s/m^3              -8.9018  B Ph(p)  deg
                                         4.3622E-3  C |U|    m^3/s
                                           35.907   D Ph(U)  deg
                                          300.00    E Htot   W
                                            3.5333  F Edot   W
!---------------------------------  3 ---------------------------------
COMPLIANCE a compliance tank
 4.8360E-2  a SurfAr m^2      3b         2283.3     A |p|    Pa
 1.0000E-3  b Volume m^3      Mstr         -8.9018  B Ph(p)  deg
                                         4.3622E-3  C |U|    m^3/s
                                          -54.093   D Ph(U)  deg
                                          300.00    E Htot   W
ideal           Solid type                  3.5098  F Edot   W
!---------------------------------  4 ---------------------------------
IMPEDANCE  pure resistance
 1.0000E+5  a Re(Zs) Pa-s/m^3            2000.0     A |p|    Pa
     0.0000 b Im(Zs) Pa-s/m^3                0.0000 B Ph(p)  deg
                                         4.3622E-3  C |U|    m^3/s
                                          -54.093   D Ph(U)  deg
                                          300.00    E Htot   W
                                            2.5584  F Edot   W
!---------------------------------  5 ---------------------------------
SOFTEND    this will reconnect at the UNION
     0.0000 a Re(z)                      2000.0     A |p|    Pa
     0.0000 b Im(z)                          0.0000 B Ph(p)  deg
     0.0000 c Htot   W                   4.3622E-3  C |U|    m^3/s
                                          -54.093   D Ph(U)  deg
                                          300.00    E Htot   W
                                            2.5584  F Edot   W
                                         6.6689E-4  G Re(z)
                                         9.2102E-4  H Im(z)
                                          300.00    I T      K
!---------------------------------  6 ---------------------------------
UNION      close the loop here
  5         a SegNum                     2000.0     A |p|    Pa
sameas   5A b |p|Sft Pa       =6A            0.0000 B Ph(p)  deg
sameas   5B c Ph(p)S deg      =6B        9.6974E-19 C |U|    m^3/s
sameas   5I d TSoft  K                     63.435   D Ph(U)  deg
                                            0.97491 E Htot   W
                                         4.3368E-16 F Edot   W
                                          300.00    G T      K
!---------------------------------  7 ---------------------------------
HARDEND    seal the final end of the resonator
     0.0000 a R(1/z)          =7G        2000.0     A |p|    Pa
     0.0000 b I(1/z)          =7H            0.0000 B Ph(p)  deg
     0.0000 c Htot   W                   9.6974E-19 C |U|    m^3/s
                                           63.435   D Ph(U)  deg
                                            0.97491 E Htot   W
                                         4.3368E-16 F Edot   W
                                         8.7430E-14 G R(1/z)
                                         1.7486E-13 H I(1/z)
! The restart information below was generated by a previous run
! and will be used by DeltaEC the next time it opens this file.
guessz   0f   0g   1a   1b
xprecn  3.4712E-8   4.3452E-4      3.2987      1.6009 
targs    6b   6c   7a   7b
mstr-slave 1 3 -5
! Plot start, end, and step values.  May be edited if you wish.
! Outer Loop:                       | Inner Loop .

