This is pdfTeX, Version 3.141592653-2.6-1.40.24 (MiKTeX 22.10) (preloaded format=pdflatex 2022.11.20)  22 DEC 2022 17:35
entering extended mode
 restricted \write18 enabled.
 file:line:error style messages enabled.
 %&-line parsing enabled.
**"c:/Users/ondra/Plocha/Škola/FY/TMF/Green line/protokol/template.tex"
(c:/Users/ondra/Plocha/Škola/FY/TMF/Green line/protokol/template.tex
LaTeX2e <2022-11-01>
L3 programming layer <2022-11-02> (C:\Users\ondra\AppData\Local\Programs\MiKTeX\tex/latex/base\article.cls
Document Class: article 2022/07/02 v1.4n Standard LaTeX document class
(C:\Users\ondra\AppData\Local\Programs\MiKTeX\tex/latex/base\size10.clo
File: size10.clo 2022/07/02 v1.4n Standard LaTeX file (size option)
)
\c@part=\count185
\c@section=\count186
\c@subsection=\count187
\c@subsubsection=\count188
\c@paragraph=\count189
\c@subparagraph=\count190
\c@figure=\count191
\c@table=\count192
\abovecaptionskip=\skip47
\belowcaptionskip=\skip48
\bibindent=\dimen140
) (C:\Users\ondra\AppData\Local\Programs\MiKTeX\tex/latex/fancyhdr\fancyhdr.sty
Package: fancyhdr 2022/11/09 v4.1 Extensive control of page headers and footers
\f@nch@headwidth=\skip49
\f@nch@O@elh=\skip50
\f@nch@O@erh=\skip51
\f@nch@O@olh=\skip52
\f@nch@O@orh=\skip53
\f@nch@O@elf=\skip54
\f@nch@O@erf=\skip55
\f@nch@O@olf=\skip56
\f@nch@O@orf=\skip57
) (C:\Users\ondra\AppData\Local\Programs\MiKTeX\tex/latex/tools\layout.sty
Package: layout 2021-03-10 v1.2e Show layout parameters
\oneinch=\count193
\cnt@paperwidth=\count194
\cnt@paperheight=\count195
\cnt@hoffset=\count196
\cnt@voffset=\count197
\cnt@textheight=\count198
\cnt@textwidth=\count199
\cnt@topmargin=\count266
\cnt@oddsidemargin=\count267
\cnt@evensidemargin=\count268
\cnt@headheight=\count269
\cnt@headsep=\count270
\cnt@marginparsep=\count271
\cnt@marginparwidth=\count272
\cnt@marginparpush=\count273
\cnt@footskip=\count274
\fheight=\count275
\ref@top=\count276
\ref@hoffset=\count277
\ref@voffset=\count278
\ref@head=\count279
\ref@body=\count280
\ref@foot=\count281
\ref@margin=\count282
\ref@marginwidth=\count283
\ref@marginpar=\count284
\Interval=\count285
\ExtraYPos=\count286
\PositionX=\count287
\PositionY=\count288
\ArrowLength=\count289
) (C:\Users\ondra\AppData\Local\Programs\MiKTeX\tex/latex/titlesec\titlesec.sty
Package: titlesec 2021/07/05 v2.14 Sectioning titles
\ttl@box=\box51
\beforetitleunit=\skip58
\aftertitleunit=\skip59
\ttl@plus=\dimen141
\ttl@minus=\dimen142
\ttl@toksa=\toks16
\titlewidth=\dimen143
\titlewidthlast=\dimen144
\titlewidthfirst=\dimen145
) (C:\Users\ondra\AppData\Local\Programs\MiKTeX\tex/latex/tools\indentfirst.sty
Package: indentfirst 1995/11/23 v1.03 Indent first paragraph (DPC)
) (C:\Users\ondra\AppData\Local\Programs\MiKTeX\tex/latex/hyperref\hyperref.sty
Package: hyperref 2022-11-13 v7.00u Hypertext links for LaTeX
 (C:\Users\ondra\AppData\Local\Programs\MiKTeX\tex/generic/ltxcmds\ltxcmds.sty
Package: ltxcmds 2020-05-10 v1.25 LaTeX kernel commands for general use (HO)
) (C:\Users\ondra\AppData\Local\Programs\MiKTeX\tex/generic/iftex\iftex.sty
Package: iftex 2022/02/03 v1.0f TeX engine tests
) (C:\Users\ondra\AppData\Local\Programs\MiKTeX\tex/generic/pdftexcmds\pdftexcmds.sty
Package: pdftexcmds 2020-06-27 v0.33 Utility functions of pdfTeX for LuaTeX (HO)
 (C:\Users\ondra\AppData\Local\Programs\MiKTeX\tex/generic/infwarerr\infwarerr.sty
Package: infwarerr 2019/12/03 v1.5 Providing info/warning/error messages (HO)
)
Package pdftexcmds Info: \pdf@primitive is available.
Package pdftexcmds Info: \pdf@ifprimitive is available.
Package pdftexcmds Info: \pdfdraftmode found.
) (C:\Users\ondra\AppData\Local\Programs\MiKTeX\tex/latex/graphics\keyval.sty
Package: keyval 2022/05/29 v1.15 key=value parser (DPC)
\KV@toks@=\toks17
) (C:\Users\ondra\AppData\Local\Programs\MiKTeX\tex/latex/kvsetkeys\kvsetkeys.sty
Package: kvsetkeys 2022-10-05 v1.19 Key value parser (HO)
) (C:\Users\ondra\AppData\Local\Programs\MiKTeX\tex/generic/kvdefinekeys\kvdefinekeys.sty
Package: kvdefinekeys 2019-12-19 v1.6 Define keys (HO)
) (C:\Users\ondra\AppData\Local\Programs\MiKTeX\tex/generic/pdfescape\pdfescape.sty
Package: pdfescape 2019/12/09 v1.15 Implements pdfTeX's escape features (HO)
) (C:\Users\ondra\AppData\Local\Programs\MiKTeX\tex/latex/hycolor\hycolor.sty
Package: hycolor 2020-01-27 v1.10 Color options for hyperref/bookmark (HO)
) (C:\Users\ondra\AppData\Local\Programs\MiKTeX\tex/latex/letltxmacro\letltxmacro.sty
Package: letltxmacro 2019/12/03 v1.6 Let assignment for LaTeX macros (HO)
) (C:\Users\ondra\AppData\Local\Programs\MiKTeX\tex/latex/auxhook\auxhook.sty
Package: auxhook 2019-12-17 v1.6 Hooks for auxiliary files (HO)
) (C:\Users\ondra\AppData\Local\Programs\MiKTeX\tex/latex/hyperref\nameref.sty
Package: nameref 2022-05-17 v2.50 Cross-referencing by name of section
 (C:\Users\ondra\AppData\Local\Programs\MiKTeX\tex/latex/refcount\refcount.sty
Package: refcount 2019/12/15 v3.6 Data extraction from label references (HO)
) (C:\Users\ondra\AppData\Local\Programs\MiKTeX\tex/generic/gettitlestring\gettitlestring.sty
Package: gettitlestring 2019/12/15 v1.6 Cleanup title references (HO)
 (C:\Users\ondra\AppData\Local\Programs\MiKTeX\tex/latex/kvoptions\kvoptions.sty
Package: kvoptions 2022-06-15 v3.15 Key value format for package options (HO)
))
\c@section@level=\count290
)
\@linkdim=\dimen146
\Hy@linkcounter=\count291
\Hy@pagecounter=\count292
 (C:\Users\ondra\AppData\Local\Programs\MiKTeX\tex/latex/hyperref\pd1enc.def
File: pd1enc.def 2022-11-13 v7.00u Hyperref: PDFDocEncoding definition (HO)
Now handling font encoding PD1 ...
... no UTF-8 mapping file for font encoding PD1
) (C:\Users\ondra\AppData\Local\Programs\MiKTeX\tex/generic/intcalc\intcalc.sty
Package: intcalc 2019/12/15 v1.3 Expandable calculations with integers (HO)
) (C:\Users\ondra\AppData\Local\Programs\MiKTeX\tex/generic/etexcmds\etexcmds.sty
Package: etexcmds 2019/12/15 v1.7 Avoid name clashes with e-TeX commands (HO)
)
\Hy@SavedSpaceFactor=\count293
 (C:\Users\ondra\AppData\Local\Programs\MiKTeX\tex/latex/hyperref\puenc.def
File: puenc.def 2022-11-13 v7.00u Hyperref: PDF Unicode definition (HO)
Now handling font encoding PU ...
... no UTF-8 mapping file for font encoding PU
)
Package hyperref Info: Hyper figures OFF on input line 4162.
Package hyperref Info: Link nesting OFF on input line 4167.
Package hyperref Info: Hyper index ON on input line 4170.
Package hyperref Info: Plain pages OFF on input line 4177.
Package hyperref Info: Backreferencing OFF on input line 4182.
Package hyperref Info: Implicit mode ON; LaTeX internals redefined.
Package hyperref Info: Bookmarks ON on input line 4410.
\c@Hy@tempcnt=\count294
 (C:\Users\ondra\AppData\Local\Programs\MiKTeX\tex/latex/url\url.sty
\Urlmuskip=\muskip16
Package: url 2013/09/16  ver 3.4  Verb mode for urls, etc.
)
LaTeX Info: Redefining \url on input line 4748.
\XeTeXLinkMargin=\dimen147
 (C:\Users\ondra\AppData\Local\Programs\MiKTeX\tex/generic/bitset\bitset.sty
Package: bitset 2019/12/09 v1.3 Handle bit-vector datatype (HO)
 (C:\Users\ondra\AppData\Local\Programs\MiKTeX\tex/generic/bigintcalc\bigintcalc.sty
Package: bigintcalc 2019/12/15 v1.5 Expandable calculations on big integers (HO)
))
\Fld@menulength=\count295
\Field@Width=\dimen148
\Fld@charsize=\dimen149
Package hyperref Info: Hyper figures OFF on input line 6027.
Package hyperref Info: Link nesting OFF on input line 6032.
Package hyperref Info: Hyper index ON on input line 6035.
Package hyperref Info: backreferencing OFF on input line 6042.
Package hyperref Info: Link coloring OFF on input line 6047.
Package hyperref Info: Link coloring with OCG OFF on input line 6052.
Package hyperref Info: PDF/A mode OFF on input line 6057.
 (C:\Users\ondra\AppData\Local\Programs\MiKTeX\tex/latex/base\atbegshi-ltx.sty
Package: atbegshi-ltx 2021/01/10 v1.0c Emulation of the original atbegshi
package with kernel methods
)
\Hy@abspage=\count296
\c@Item=\count297
\c@Hfootnote=\count298
)
Package hyperref Info: Driver (autodetected): hpdftex.
 (C:\Users\ondra\AppData\Local\Programs\MiKTeX\tex/latex/hyperref\hpdftex.def
File: hpdftex.def 2022-11-13 v7.00u Hyperref driver for pdfTeX
 (C:\Users\ondra\AppData\Local\Programs\MiKTeX\tex/latex/base\atveryend-ltx.sty
Package: atveryend-ltx 2020/08/19 v1.0a Emulation of the original atveryend package
with kernel methods
)
\Fld@listcount=\count299
\c@bookmark@seq@number=\count300
 (C:\Users\ondra\AppData\Local\Programs\MiKTeX\tex/latex/rerunfilecheck\rerunfilecheck.sty
Package: rerunfilecheck 2022-07-10 v1.10 Rerun checks for auxiliary files (HO)
 (C:\Users\ondra\AppData\Local\Programs\MiKTeX\tex/generic/uniquecounter\uniquecounter.sty
Package: uniquecounter 2019/12/15 v1.4 Provide unlimited unique counter (HO)
)
Package uniquecounter Info: New unique counter `rerunfilecheck' on input line 285.
)
\Hy@SectionHShift=\skip60
) (C:\Users\ondra\AppData\Local\Programs\MiKTeX\tex/latex/graphics\graphicx.sty
Package: graphicx 2021/09/16 v1.2d Enhanced LaTeX Graphics (DPC,SPQR)
 (C:\Users\ondra\AppData\Local\Programs\MiKTeX\tex/latex/graphics\graphics.sty
Package: graphics 2022/03/10 v1.4e Standard LaTeX Graphics (DPC,SPQR)
 (C:\Users\ondra\AppData\Local\Programs\MiKTeX\tex/latex/graphics\trig.sty
Package: trig 2021/08/11 v1.11 sin cos tan (DPC)
) (C:\Users\ondra\AppData\Local\Programs\MiKTeX\tex/latex/graphics-cfg\graphics.cfg
File: graphics.cfg 2016/06/04 v1.11 sample graphics configuration
)
Package graphics Info: Driver file: pdftex.def on input line 107.
 (C:\Users\ondra\AppData\Local\Programs\MiKTeX\tex/latex/graphics-def\pdftex.def
File: pdftex.def 2022/09/22 v1.2b Graphics/color driver for pdftex
))
\Gin@req@height=\dimen150
\Gin@req@width=\dimen151
) (C:\Users\ondra\AppData\Local\Programs\MiKTeX\tex/latex/amsmath\amsmath.sty
Package: amsmath 2022/04/08 v2.17n AMS math features
\@mathmargin=\skip61

For additional information on amsmath, use the `?' option.
(C:\Users\ondra\AppData\Local\Programs\MiKTeX\tex/latex/amsmath\amstext.sty
Package: amstext 2021/08/26 v2.01 AMS text
 (C:\Users\ondra\AppData\Local\Programs\MiKTeX\tex/latex/amsmath\amsgen.sty
File: amsgen.sty 1999/11/30 v2.0 generic functions
\@emptytoks=\toks18
\ex@=\dimen152
)) (C:\Users\ondra\AppData\Local\Programs\MiKTeX\tex/latex/amsmath\amsbsy.sty
Package: amsbsy 1999/11/29 v1.2d Bold Symbols
\pmbraise@=\dimen153
) (C:\Users\ondra\AppData\Local\Programs\MiKTeX\tex/latex/amsmath\amsopn.sty
Package: amsopn 2022/04/08 v2.04 operator names
)
\inf@bad=\count301
LaTeX Info: Redefining \frac on input line 234.
\uproot@=\count302
\leftroot@=\count303
LaTeX Info: Redefining \overline on input line 399.
LaTeX Info: Redefining \colon on input line 410.
\classnum@=\count304
\DOTSCASE@=\count305
LaTeX Info: Redefining \ldots on input line 496.
LaTeX Info: Redefining \dots on input line 499.
LaTeX Info: Redefining \cdots on input line 620.
\Mathstrutbox@=\box52
\strutbox@=\box53
LaTeX Info: Redefining \big on input line 722.
LaTeX Info: Redefining \Big on input line 723.
LaTeX Info: Redefining \bigg on input line 724.
LaTeX Info: Redefining \Bigg on input line 725.
\big@size=\dimen154
LaTeX Font Info:    Redeclaring font encoding OML on input line 743.
LaTeX Font Info:    Redeclaring font encoding OMS on input line 744.
\macc@depth=\count306
LaTeX Info: Redefining \bmod on input line 905.
LaTeX Info: Redefining \pmod on input line 910.
LaTeX Info: Redefining \smash on input line 940.
LaTeX Info: Redefining \relbar on input line 970.
LaTeX Info: Redefining \Relbar on input line 971.
\c@MaxMatrixCols=\count307
\dotsspace@=\muskip17
\c@parentequation=\count308
\dspbrk@lvl=\count309
\tag@help=\toks19
\row@=\count310
\column@=\count311
\maxfields@=\count312
\andhelp@=\toks20
\eqnshift@=\dimen155
\alignsep@=\dimen156
\tagshift@=\dimen157
\tagwidth@=\dimen158
\totwidth@=\dimen159
\lineht@=\dimen160
\@envbody=\toks21
\multlinegap=\skip62
\multlinetaggap=\skip63
\mathdisplay@stack=\toks22
LaTeX Info: Redefining \[ on input line 2953.
LaTeX Info: Redefining \] on input line 2954.
) (C:\Users\ondra\AppData\Local\Programs\MiKTeX\tex/latex/amsfonts\amssymb.sty
Package: amssymb 2013/01/14 v3.01 AMS font symbols
 (C:\Users\ondra\AppData\Local\Programs\MiKTeX\tex/latex/amsfonts\amsfonts.sty
Package: amsfonts 2013/01/14 v3.01 Basic AMSFonts support
\symAMSa=\mathgroup4
\symAMSb=\mathgroup5
LaTeX Font Info:    Redeclaring math symbol \hbar on input line 98.
LaTeX Font Info:    Overwriting math alphabet `\mathfrak' in version `bold'
(Font)                  U/euf/m/n --> U/euf/b/n on input line 106.
)) (C:\Users\ondra\AppData\Local\Programs\MiKTeX\tex/latex/l3backend\l3backend-pdftex.def
File: l3backend-pdftex.def 2022-10-26 L3 backend support: PDF output (pdfTeX)
\l__color_backend_stack_int=\count313
\l__pdf_internal_box=\box54
) (template.aux

LaTeX Warning: Label `image:8' multiply defined.


LaTeX Warning: Label `eq9' multiply defined.

)
\openout1 = `template.aux'.

LaTeX Font Info:    Checking defaults for OML/cmm/m/it on input line 29.
LaTeX Font Info:    ... okay on input line 29.
LaTeX Font Info:    Checking defaults for OMS/cmsy/m/n on input line 29.
LaTeX Font Info:    ... okay on input line 29.
LaTeX Font Info:    Checking defaults for OT1/cmr/m/n on input line 29.
LaTeX Font Info:    ... okay on input line 29.
LaTeX Font Info:    Checking defaults for T1/cmr/m/n on input line 29.
LaTeX Font Info:    ... okay on input line 29.
LaTeX Font Info:    Checking defaults for TS1/cmr/m/n on input line 29.
LaTeX Font Info:    ... okay on input line 29.
LaTeX Font Info:    Checking defaults for OMX/cmex/m/n on input line 29.
LaTeX Font Info:    ... okay on input line 29.
LaTeX Font Info:    Checking defaults for U/cmr/m/n on input line 29.
LaTeX Font Info:    ... okay on input line 29.
LaTeX Font Info:    Checking defaults for PD1/pdf/m/n on input line 29.
LaTeX Font Info:    ... okay on input line 29.
LaTeX Font Info:    Checking defaults for PU/pdf/m/n on input line 29.
LaTeX Font Info:    ... okay on input line 29.
Package hyperref Info: Link coloring OFF on input line 29.
 (template.out) (template.out)
\@outlinefile=\write3
\openout3 = `template.out'.

 (C:\Users\ondra\AppData\Local\Programs\MiKTeX\tex/context/base/mkii\supp-pdf.mkii
[Loading MPS to PDF converter (version 2006.09.02).]
\scratchcounter=\count314
\scratchdimen=\dimen161
\scratchbox=\box55
\nofMPsegments=\count315
\nofMParguments=\count316
\everyMPshowfont=\toks23
\MPscratchCnt=\count317
\MPscratchDim=\dimen162
\MPnumerator=\count318
\makeMPintoPDFobject=\count319
\everyMPtoPDFconversion=\toks24
) (C:\Users\ondra\AppData\Local\Programs\MiKTeX\tex/latex/epstopdf-pkg\epstopdf-base.sty
Package: epstopdf-base 2020-01-24 v2.11 Base part for package epstopdf
Package epstopdf-base Info: Redefining graphics rule for `.eps' on input line 485.
 (C:\Users\ondra\AppData\Local\Programs\MiKTeX\tex/latex/00miktex\epstopdf-sys.cfg
File: epstopdf-sys.cfg 2021/03/18 v2.0 Configuration of epstopdf for MiKTeX
)) [1

{C:/Users/ondra/AppData/Local/MiKTeX/fonts/map/pdftex/pdftex.map}] (template.toc
LaTeX Font Info:    Trying to load font information for U+msa on input line 2.
 (C:\Users\ondra\AppData\Local\Programs\MiKTeX\tex/latex/amsfonts\umsa.fd
File: umsa.fd 2013/01/14 v3.01 AMS symbols A
)
LaTeX Font Info:    Trying to load font information for U+msb on input line 2.
 (C:\Users\ondra\AppData\Local\Programs\MiKTeX\tex/latex/amsfonts\umsb.fd
File: umsb.fd 2013/01/14 v3.01 AMS symbols B
))
\tf@toc=\write4
\openout4 = `template.toc'.


pdfTeX warning (ext4): destination with the same identifier (name{page.1}) has been already used, duplicate ignored
<to be read again> 
                   \relax 
l.73 
      [1]
<./images//illustration1.png, id=140, 2601.72pt x 1943.26pt>
File: ./images//illustration1.png Graphic file (type png)
<use ./images//illustration1.png>
Package pdftex.def Info: ./images//illustration1.png  used on input line 97.
(pdftex.def)             Requested size: 417.0pt x 311.46169pt.

Overfull \hbox (18.06749pt too wide) in paragraph at lines 97--98
[][] 
 []

<./images//illustration2.png, id=142, 602.25pt x 509.905pt>
File: ./images//illustration2.png Graphic file (type png)
<use ./images//illustration2.png>
Package pdftex.def Info: ./images//illustration2.png  used on input line 103.
(pdftex.def)             Requested size: 417.0pt x 353.07193pt.

Overfull \hbox (18.06749pt too wide) in paragraph at lines 103--104
[][] 
 []

[2 <./images//illustration1.png>] [3 <./images//illustration2.png>]
Overfull \hbox (17.32373pt too wide) in paragraph at lines 120--135
 [][] 
 []


Overfull \hbox (1.66748pt too wide) in paragraph at lines 147--148
[]\OT1/cmr/m/n/10 Pro mikroskopick^^Se ^^Su^^Tcely aprox-imu-jeme sm^^Ter bl^^S^^Pzk^^Sych pa-prsk^^Wu sv^^Tetla na pa-prsky rovnob^^Te^^Tzn^^Se
 []

[4]
<./images//construction1.png, id=174, 301.125pt x 353.32pt>
File: ./images//construction1.png Graphic file (type png)
<use ./images//construction1.png>
Package pdftex.def Info: ./images//construction1.png  used on input line 157.
(pdftex.def)             Requested size: 227.62204pt x 267.08653pt.
 [5 <./images//construction1.png>]
<./images//construction2.png, id=186, 1927.2pt x 963.6pt>
File: ./images//construction2.png Graphic file (type png)
<use ./images//construction2.png>
Package pdftex.def Info: ./images//construction2.png  used on input line 172.
(pdftex.def)             Requested size: 417.0pt x 208.49326pt.

Overfull \hbox (18.06749pt too wide) in paragraph at lines 172--173
[][] 
 []

[6 <./images//construction2.png>]
<./images//microdrawing.png, id=199, 498.41379pt x 221.29573pt>
File: ./images//microdrawing.png Graphic file (type png)
<use ./images//microdrawing.png>
Package pdftex.def Info: ./images//microdrawing.png  used on input line 191.
(pdftex.def)             Requested size: 417.0pt x 185.14764pt.

Overfull \hbox (18.06749pt too wide) in paragraph at lines 191--192
[][] 
 []

[7 <./images//microdrawing.png>]
<./images//repeatedrefelction.png, id=219, 592.37704pt x 203.18533pt>
File: ./images//repeatedrefelction.png Graphic file (type png)
<use ./images//repeatedrefelction.png>
Package pdftex.def Info: ./images//repeatedrefelction.png  used on input line 230.
(pdftex.def)             Requested size: 417.0pt x 143.02864pt.

Overfull \hbox (18.06749pt too wide) in paragraph at lines 230--231
[][] 
 []

[8 <./images//repeatedrefelction.png>]
Overfull \hbox (19.76167pt too wide) in paragraph at lines 272--273
[]\OT1/cmr/m/n/10 V prvn^^S^^Pm ex-per-i-mentu se budeme sna^^Tzit sle-dovat a dok^^Sazat kon-struk-tivn^^S^^P in-ter-fer-enci zmi^^Tnovanou
 []

<./images//exp1_d1.png, id=241, 495.59839pt x 238.53674pt>
File: ./images//exp1_d1.png Graphic file (type png)
<use ./images//exp1_d1.png>
Package pdftex.def Info: ./images//exp1_d1.png  used on input line 288.
(pdftex.def)             Requested size: 417.0pt x 200.70435pt.
<./images//exp1_d2.png, id=242, 474.10034pt x 201.94434pt>
File: ./images//exp1_d2.png Graphic file (type png)
<use ./images//exp1_d2.png>
Package pdftex.def Info: ./images//exp1_d2.png  used on input line 295.
(pdftex.def)             Requested size: 417.0pt x 177.6222pt.
[9 <./images//exp1_d1.png>] [10 <./images//exp1_d2.png>]
<./images//exp1_v.png, id=266, 2572.3603pt x 2299.08937pt>
File: ./images//exp1_v.png Graphic file (type png)
<use ./images//exp1_v.png>
Package pdftex.def Info: ./images//exp1_v.png  used on input line 348.
(pdftex.def)             Requested size: 238.72462pt x 213.39566pt.

Overfull \hbox (1.45642pt too wide) in paragraph at lines 358--369
 [][] 
 []

[11 <./images//exp1_v.png>]
<./images//exp1_v_close.png, id=280, 2258.4375pt x 2258.4375pt>
File: ./images//exp1_v_close.png Graphic file (type png)
<use ./images//exp1_v_close.png>
Package pdftex.def Info: ./images//exp1_v_close.png  used on input line 377.
(pdftex.def)             Requested size: 199.14975pt x 199.16928pt.
<./images//exp1_v_far.png, id=281, 2258.4375pt x 2258.4375pt>
File: ./images//exp1_v_far.png Graphic file (type png)
<use ./images//exp1_v_far.png>
Package pdftex.def Info: ./images//exp1_v_far.png  used on input line 378.
(pdftex.def)             Requested size: 199.14975pt x 199.16928pt.
<./images//exp2_d1.png, id=285, 470.66982pt x 221.84146pt>
File: ./images//exp2_d1.png Graphic file (type png)
<use ./images//exp2_d1.png>
Package pdftex.def Info: ./images//exp2_d1.png  used on input line 409.
(pdftex.def)             Requested size: 417.0pt x 196.54799pt.
 [12 <./images//exp1_v_close.png> <./images//exp1_v_far.png>]
<./images//exp2_d2.png, id=299, 474.10034pt x 201.94434pt>
File: ./images//exp2_d2.png Graphic file (type png)
<use ./images//exp2_d2.png>
Package pdftex.def Info: ./images//exp2_d2.png  used on input line 416.
(pdftex.def)             Requested size: 417.0pt x 177.6222pt.
 [13 <./images//exp2_d1.png> <./images//exp2_d2.png>]
<./images//exp2_1.png, id=311, 2258.4375pt x 1367.8603pt>
File: ./images//exp2_1.png Graphic file (type png)
<use ./images//exp2_1.png>
Package pdftex.def Info: ./images//exp2_1.png  used on input line 449.
(pdftex.def)             Requested size: 184.9429pt x 111.99829pt.
<./images//exp2_2.png, id=312, 1851.91875pt x 1163.0953pt>
File: ./images//exp2_2.png Graphic file (type png)
<use ./images//exp2_2.png>
Package pdftex.def Info: ./images//exp2_2.png  used on input line 450.
(pdftex.def)             Requested size: 184.9429pt x 116.13887pt.
 [14 <./images//exp2_1.png> <./images//exp2_2.png>]
<./images//3D_1.png, id=328, 690.1785pt x 546.24075pt>
File: ./images//3D_1.png Graphic file (type png)
<use ./images//3D_1.png>
Package pdftex.def Info: ./images//3D_1.png  used on input line 475.
(pdftex.def)             Requested size: 312.9803pt x 247.71477pt.
<./images//3D_2.png, id=329, 606.46574pt x 468.5505pt>
File: ./images//3D_2.png Graphic file (type png)
<use ./images//3D_2.png>
Package pdftex.def Info: ./images//3D_2.png  used on input line 482.
(pdftex.def)             Requested size: 312.9803pt x 241.81024pt.
 [15 <./images//3D_1.png> <./images//3D_2.png>]
<./images//other_fen_1.png, id=338, 3011.25pt x 2029.5825pt>
File: ./images//other_fen_1.png Graphic file (type png)
<use ./images//other_fen_1.png>
Package pdftex.def Info: ./images//other_fen_1.png  used on input line 500.
(pdftex.def)             Requested size: 227.62204pt x 153.38893pt.
<./images//other_fen_2.png, id=340, 3011.25pt x 1416.04031pt>
File: ./images//other_fen_2.png Graphic file (type png)
<use ./images//other_fen_2.png>
Package pdftex.def Info: ./images//other_fen_2.png  used on input line 507.
(pdftex.def)             Requested size: 284.52756pt x 133.79059pt.
<./images//other_fen_3.png, id=341, 3011.25pt x 2258.4375pt>
File: ./images//other_fen_3.png Graphic file (type png)
<use ./images//other_fen_3.png>
Package pdftex.def Info: ./images//other_fen_3.png  used on input line 514.
(pdftex.def)             Requested size: 284.52756pt x 213.38211pt.
 [16 <./images//other_fen_1.png> <./images//other_fen_2.png>]
<./images//other_fen_4.png, id=358, 3011.25pt x 2258.4375pt>
File: ./images//other_fen_4.png Graphic file (type png)
<use ./images//other_fen_4.png>
Package pdftex.def Info: ./images//other_fen_4.png  used on input line 537.
(pdftex.def)             Requested size: 284.52756pt x 213.38211pt.
 [17 <./images//other_fen_3.png>]
Overfull \hbox (6.09601pt too wide) in paragraph at lines 548--549
[]\OT1/cmr/m/n/10 Mo^^Tzn^^Sym bu-douc^^S^^Pm roz^^Ts^^Tren^^S^^Pm t^^Seto pr^^Sace by dle n^^Sas m^^Telo b^^Syt obecn^^Tej^^Ts^^S^^P vysv^^Tetlen^^S^^P ji^^Tz zm^^S^^Pn^^Ten^^Sych
 []

[18 <./images//other_fen_4.png>]
Underfull \hbox (badness 2245) in paragraph at lines 556--557
[]\OT1/cmr/m/n/10 N. Sul-tanova, S. Kasarova and I. Nikolov. Dis-per-sion prop-er-ties of op-ti-cal poly-
 []


Underfull \hbox (badness 1303) in paragraph at lines 556--557
\OT1/cmr/m/n/10 mers, []Acta Phys-ica Polonica A 116, 585-587 (2009)[] (fit of the ex-per-i-men-tal data
 []


Underfull \hbox (badness 2035) in paragraph at lines 556--557
\OT1/cmr/m/n/10 with the Sell-meier dis-per-sion for-mula: Mikhail Polyan-skiy), zo-brazeno 20.12.2022,
 []


Overfull \hbox (13.42033pt too wide) in paragraph at lines 559--560
[]\OT1/cmr/m/n/10 Giesbert Ni-jhuis, zo-brazeno 20.12.2022, []http://www.laesieworks.com/digicom/Storage[]CD.html[] 
 []


Underfull \hbox (badness 10000) in paragraph at lines 562--563
[]\OT1/cmr/m/n/10 Jon Abe, 10.9.2014, photo1.png, zo-brazeno 20.12.2022,
 []


Underfull \hbox (badness 10000) in paragraph at lines 565--566
[]\OT1/cmr/m/n/10 Trisha, 25.4.2012, DVD-Rainbow.jpg, zo-brazeno 20.12.2022,
 []


Underfull \hbox (badness 10000) in paragraph at lines 570--571
[][] \OT1/cmr/m/n/10 Chris Mueller [], 26.6.2015, wOhON.gif, zo-brazeno 20.12.2022,
 []


Underfull \hbox (badness 10000) in paragraph at lines 570--571
[]\OT1/cmr/m/n/10 https://engineering.stackexchange.com/questions/3324/why-is-it-more-reliable-to-use-
 []


Underfull \hbox (badness 4217) in paragraph at lines 573--574
[][]\OT1/cmr/m/n/10 Cmglee[], 6.6.2021, File:Comparison[]CD[]DVD[]HDDVD[]BD.svg, zo-brazeno 20.12.2022,
 []

[19] (template.aux)

LaTeX Warning: There were multiply-defined labels.

Package rerunfilecheck Info: File `template.out' has not changed.
(rerunfilecheck)             Checksum: 7219DF003165CC0EA2B2387C090B023E;3983.
 ) 
Here is how much of TeX's memory you used:
 10317 strings out of 475285
 162592 string characters out of 2774119
 507710 words of memory out of 3000000
 31547 multiletter control sequences out of 15000+600000
 474062 words of font info for 46 fonts, out of 8000000 for 9000
 1141 hyphenation exceptions out of 8191
 72i,14n,77p,568b,514s stack positions out of 10000i,1000n,20000p,200000b,80000s
 <C:\Users\ondra\AppData\Local\MiKTeX\fonts/pk/ljfour/jknappen/ec/dpi600\tcrm1000.pk><C:/Users/ondra/AppData/Local/Programs/MiKTeX/fonts/type1/public/amsfonts/cm/cmbx10.pfb><C:/Users/ondra/AppData/Local/Programs/MiKTeX/fonts/type1/public/amsfonts/cm/cmbx12.pfb><C:/Users/ondra/AppData/Local/Programs/MiKTeX/fonts/type1/public/amsfonts/cm/cmex10.pfb><C:/Users/ondra/AppData/Local/Programs/MiKTeX/fonts/type1/public/amsfonts/cm/cmmi10.pfb><C:/Users/ondra/AppData/Local/Programs/MiKTeX/fonts/type1/public/amsfonts/cm/cmmi5.pfb><C:/Users/ondra/AppData/Local/Programs/MiKTeX/fonts/type1/public/amsfonts/cm/cmmi7.pfb><C:/Users/ondra/AppData/Local/Programs/MiKTeX/fonts/type1/public/amsfonts/cm/cmr10.pfb><C:/Users/ondra/AppData/Local/Programs/MiKTeX/fonts/type1/public/amsfonts/cm/cmr12.pfb><C:/Users/ondra/AppData/Local/Programs/MiKTeX/fonts/type1/public/amsfonts/cm/cmr17.pfb><C:/Users/ondra/AppData/Local/Programs/MiKTeX/fonts/type1/public/amsfonts/cm/cmr5.pfb><C:/Users/ondra/AppData/Local/Programs/MiKTeX/fonts/type1/public/amsfonts/cm/cmr7.pfb><C:/Users/ondra/AppData/Local/Programs/MiKTeX/fonts/type1/public/amsfonts/cm/cmsy10.pfb><C:/Users/ondra/AppData/Local/Programs/MiKTeX/fonts/type1/public/amsfonts/cm/cmsy7.pfb><C:/Users/ondra/AppData/Local/Programs/MiKTeX/fonts/type1/public/amsfonts/cm/cmti10.pfb><C:/Users/ondra/AppData/Local/Programs/MiKTeX/fonts/type1/public/amsfonts/symbols/msam10.pfb><C:/Users/ondra/AppData/Local/Programs/MiKTeX/fonts/type1/public/amsfonts/symbols/msbm10.pfb>
Output written on template.pdf (20 pages, 73233525 bytes).
PDF statistics:
 481 PDF objects out of 1000 (max. 8388607)
 106 named destinations out of 1000 (max. 500000)
 306 words of extra memory for PDF output out of 10000 (max. 10000000)

