\BOOKMARK [1][-]{section.1}{\376\377\000Z\000a\000d\000\341\000n\000\355}{}% 1
\BOOKMARK [2][-]{subsection.1.1}{\376\377\000O\000r\000i\000g\000i\000n\000\341\000l\000n\000\355\000\040\000z\000n\001\033\000n\000\355\000\040\000v\000\040\000a\000n\000g\000l\000i\001\015\000t\000i\000n\001\033}{section.1}% 2
\BOOKMARK [2][-]{subsection.1.2}{\376\377\000P\001\131\000e\000k\000l\000a\000d\000\040\000z\000a\000d\000\341\000n\000\355\000\040\000d\000o\000\040\001\015\000e\001\141\000t\000i\000n\000y}{section.1}% 3
\BOOKMARK [1][-]{section.2}{\376\377\000\332\000v\000o\000d}{}% 4
\BOOKMARK [1][-]{section.3}{\376\377\000U\000s\000t\000a\000n\000o\000v\000e\000n\000\355\000\040\000t\000e\000r\000m\000i\000n\000o\000l\000o\000g\000i\000e}{}% 5
\BOOKMARK [1][-]{section.4}{\376\377\000T\000e\000o\000r\000i\000e}{}% 6
\BOOKMARK [2][-]{subsection.4.1}{\376\377\000F\000e\000n\000o\000m\000e\000n\000o\000l\000o\000g\000i\000c\000k\000\375\000\040\000p\000o\000p\000i\000s}{section.4}% 7
\BOOKMARK [2][-]{subsection.4.2}{\376\377\000D\000i\000f\000r\000a\000k\000c\000e\000\040\000a\000\040\000s\000t\000a\000v\000b\000a\000\040\000o\000p\000t\000i\000c\000k\000\375\000c\000h\000\040\000d\000i\000s\000k\001\157}{section.4}% 8
\BOOKMARK [2][-]{subsection.4.3}{\376\377\000L\000o\000m}{section.4}% 9
\BOOKMARK [3][-]{subsubsection.4.3.1}{\376\377\000L\000o\000m\000\040\000h\000o\000r\000n\000\355\000\040\000p\000l\000o\000c\000h\000o\000u}{subsection.4.3}% 10
\BOOKMARK [3][-]{subsubsection.4.3.2}{\376\377\000H\000y\000p\000o\000t\000\351\000z\000a\000\040\0001}{subsection.4.3}% 11
\BOOKMARK [3][-]{subsubsection.4.3.3}{\376\377\000L\000o\000m\000\040\000o\000b\000v\000o\000d\000o\000v\000o\000u\000\040\000s\000t\000r\000a\000n\000o\000u}{subsection.4.3}% 12
\BOOKMARK [3][-]{subsubsection.4.3.4}{\376\377\000H\000y\000p\000o\000t\000\351\000z\000a\000\040\0002}{subsection.4.3}% 13
\BOOKMARK [1][-]{section.5}{\376\377\000P\000r\000a\000x\000e}{}% 14
\BOOKMARK [2][-]{subsection.5.1}{\376\377\000E\000x\000p\000e\000r\000i\000m\000e\000n\000t\000\040\0001\000\040\000-\000\040\000k\000o\000n\000s\000t\000r\000u\000k\000t\000i\000v\000n\000\355\000\040\000i\000n\000t\000e\000r\000f\000e\000r\000e\000n\000c\000e\000\040\000p\001\131\000i\000\040\000v\000s\000t\000u\000p\000u\000\040\000s\000v\001\033\000t\000l\000a\000\040\000h\000o\000r\000n\000\355\000\040\000p\000l\000o\000c\000h\000o\000u}{section.5}% 15
\BOOKMARK [3][-]{subsubsection.5.1.1}{\376\377\000A\000p\000a\000r\000a\000t\000u\000r\000a\000\040\000a\000\040\000p\000o\000m\001\157\000c\000k\000y}{subsection.5.1}% 16
\BOOKMARK [3][-]{subsubsection.5.1.2}{\376\377\000P\000r\000o\000v\000e\000d\000e\000n\000\355}{subsection.5.1}% 17
\BOOKMARK [3][-]{subsubsection.5.1.3}{\376\377\000V\000\375\000s\000l\000e\000d\000k\000y}{subsection.5.1}% 18
\BOOKMARK [2][-]{subsection.5.2}{\376\377\000E\000x\000p\000e\000r\000i\000m\000e\000n\000t\000\040\0002\000\040\000-\000\040\000v\000n\000i\000t\001\131\000n\000\355\000\040\000o\000d\000r\000a\000z\000\040\000p\001\131\000i\000\040\000v\000s\000t\000u\000p\000u\000\040\000s\000v\001\033\000t\000l\000a\000\040\000o\000b\000v\000o\000d\000o\000v\000o\000u\000\040\000s\000t\000r\000a\000n\000o\000u}{section.5}% 19
\BOOKMARK [3][-]{subsubsection.5.2.1}{\376\377\000A\000p\000a\000r\000a\000t\000u\000r\000a\000\040\000a\000\040\000p\000o\000m\001\157\000c\000k\000y}{subsection.5.2}% 20
\BOOKMARK [3][-]{subsubsection.5.2.2}{\376\377\000P\000r\000o\000v\000e\000d\000e\000n\000\355}{subsection.5.2}% 21
\BOOKMARK [3][-]{subsubsection.5.2.3}{\376\377\000V\000\375\000s\000l\000e\000d\000k\000y}{subsection.5.2}% 22
\BOOKMARK [1][-]{section.6}{\376\377\000D\000a\000l\001\141\000\355\000\040\000p\000o\000z\000o\000r\000o\000v\000a\000n\000\351\000\040\000f\000e\000n\000o\000m\000\351\000n\000y}{}% 23
\BOOKMARK [1][-]{section.7}{\376\377\000Z\000\341\000v\001\033\000r}{}% 24
\BOOKMARK [1][-]{section.7}{\376\377\000R\000e\000f\000e\000r\000e\000n\000c\000e}{}% 25
