TITLE      Stirling cooler w displacer piston, illustrating TBRANCH--UNION
!->C:\Users\092710\Documents\DeltaEC\PySource\Examples\TEMPORARY\gamma.out
!Created@18:47:38  22-Aug-2019 with DeltaEC version 6.4b2.8!under win32,
using Win 6.1.7601 (Service Pack 1) under Python 2.7.9.
!---------------------------------  0 ---------------------------------
BEGIN      Initialize things
 2.0000E+6  a Mean P Pa                 
   55.000   b Freq   Hz                 
  300.22    c TBeg   K        G         
 6329.3     d |p|    Pa       G         
  114.63    e Ph(p)  deg      G         
     0.0000 f |U|    m^3/s              
     0.0000 g Ph(U)  deg                
helium           Gas type               
!---------------------------------  1 ---------------------------------
COMPLIANCE space around power-piston motor
    0.1000  a SurfAr m^2                 6329.3     A |p|    Pa
 5.0000E-4  b Volume m^3                  114.63    B Ph(p)  deg
                                         3.3316E-4  C |U|    m^3/s
                                           23.765   D Ph(U)  deg
                                             0.0000 E Htot   W
ideal           Solid type              -1.5935E-2  F Edot   W
!---------------------------------  2 ---------------------------------
IESPEAKER  the power piston
 2.0000E-4  a Area   m^2                 2.9240E+5  A |p|    Pa
    1.0000  b R      ohms                 -39.285   B Ph(p)  deg
     0.0000 c L      H                   3.3254E-4  C |U|    m^3/s
   10.000   d BLProd T-m                   23.798   D Ph(U)  deg
 8.3000E-2  e M      kg                    40.093   E Htot   W
 1.0000E+4  f K      N/m                   22.009   F Edot   W
     0.0000 g Rm     N-s/m                 40.093   G WorkIn W
    6.0000  h |I|    A                     20.047   H Volts  V
  140.00    i Ph(I)  deg                    6.0000  I Amps   A
                                         -311.81    J Ph(V/I) deg
                                         2.9810E+5  K |Px|   Pa
ideal           Solid type                -39.82    L Ph(Px) deg
!---------------------------------  3 ---------------------------------
COMPLIANCE a little space in front of the power piston
 1.0000E-3  a SurfAr m^2                 2.9240E+5  A |p|    Pa
 2.0000E-6  b Volume m^3                  -39.285   B Ph(p)  deg
                                         2.7662E-4  C |U|    m^3/s
                                           18.316   D Ph(U)  deg
                                           40.093   E Htot   W
ideal           Solid type                 21.669   F Edot   W
!---------------------------------  4 ---------------------------------
TBRANCH    branch to displacer
-2.9999E+9  a Re(Zb) Pa-s/m^3 G          2.9240E+5  A |p|    Pa
-3.2808E+9  b Im(Zb) Pa-s/m^3 G           -39.285   B Ph(p)  deg
   -6.769   c HtotBr W        G          6.5774E-5  C |U|    m^3/s
                                           93.154   D Ph(U)  deg
                                           -6.769   E HtotBr W
                                           -6.4891  F EdotBr W
                                           28.158   G EdotTr W
!---------------------------------  5 ---------------------------------
IESPEAKER  a spring-mounted, driven moving mass
 5.0000E-5  a Area   m^2                 2.5373E+5  A |p|    Pa
    0.5000  b R      ohms                 -44.138   B Ph(p)  deg
     0.0000 c L      H                   6.5773E-5  C |U|    m^3/s
    1.0000  d BLProd T-m                   93.421   D Ph(U)  deg
 7.0000E-3  e M      kg                    -6.1579  E Htot   W
 1190.0     f K      N/m                   -6.1578  F Edot   W
     0.0000 g Rm     N-s/m                  0.61105 G WorkIn W
    1.0000  h |I|    A                      1.6438  H Volts  V
  -30.00    i Ph(I)  deg                    1.0000  I Amps   A
                                          -41.975   J Ph(V/I) deg
                                         4.5027E+4  K |Px|   Pa
ideal           Solid type                169.18    L Ph(Px) deg
!---------------------------------  6 ---------------------------------
RPN        Reassign Tm. (Displacer is "axially insulating.")
   79.962   a G or T          G         79.962                    A Kelvin
inp =Tm
!---------------------------------  7 ---------------------------------
COMPLIANCE a little volume for the connection
 1.0000E-6  a SurfAr m^2                 2.5373E+5  A |p|    Pa
 5.0000E-7  b Volume m^3                  -44.138   B Ph(p)  deg
                                         5.7720E-5  C |U|    m^3/s
                                          103.10    D Ph(U)  deg
                                           -6.1579  E Htot   W
ideal           Solid type                 -6.1579  F Edot   W
!---------------------------------  8 ---------------------------------
SOFTEND    reconnect at UNION
     0.0000 a Re(z)                      2.5373E+5  A |p|    Pa
     0.0000 b Im(z)                       -44.138   B Ph(p)  deg
     0.0000 c Htot   W                   5.7720E-5  C |U|    m^3/s
                                          103.10    D Ph(U)  deg
                                           -6.1579  E Htot   W
                                           -6.1579  F Edot   W
                                          -29.176   G Re(z)
                                          -18.774   H Im(z)
                                           79.962   I T      K
!---------------------------------  9 ---------------------------------
SX         aftercooler
sameas  10a a Area   m^2                 2.8988E+5  A |p|    Pa
    0.6000  b VolPor                      -39.762   B Ph(p)  deg
 1.0000E-3  c Length m                   2.6462E-4  C |U|    m^3/s
sameas  10d d rh     m                      4.0207  D Ph(U)  deg
  -45.287   e HeatIn W        G             1.5755  E Htot   W
  300.00    f SolidT K        =9H          27.691   F Edot   W
                                          300.22    G GasT   K
copper           Solid type               300.00    H SolidT K
!--------------------------------- 10 ---------------------------------
STKSCREEN  regenerator
 1.1670E-4  a Area   m^2                 2.5404E+5  A |p|    Pa
    0.6860  b VolPor                      -44.18    B Ph(p)  deg
 5.0000E-2  c Length m                   5.6245E-5  C |U|    m^3/s
 1.3900E-5  d rh     m                    -74.258   D Ph(U)  deg
    0.3000  e ksFrac                        1.5755  E Htot   W
                                            6.1823  F Edot   W
                                          300.22    G TBeg   K
stainless           Solid type             79.962   H TEnd   K
!--------------------------------- 11 ---------------------------------
SX         cold heat exch
sameas  10a a Area   m^2                 2.5373E+5  A |p|    Pa
    0.6000  b VolPor                      -44.138   B Ph(p)  deg
 1.0000E-3  c Length m                   5.7720E-5  C |U|    m^3/s
sameas  10d d rh     m                    -76.897   D Ph(U)  deg
    4.5825  e HeatIn W        G             6.1579  E Htot   W
   80.000   f SolidT K        =11H          6.1579  F Edot   W
                                           79.962   G GasT   K
copper           Solid type                80.000   H SolidT K
!--------------------------------- 12 ---------------------------------
UNION      displacer cold end
  8         a SegNum                     2.5373E+5  A |p|    Pa
sameas   8A b |p|Sft Pa       =12A        -44.138   B Ph(p)  deg
sameas   8B c Ph(p)S deg      =12B       3.8849E-18 C |U|    m^3/s
sameas   8I d TSoft  K        =12G        123.15    D Ph(U)  deg
                                         2.3981E-14 E Htot   W
                                        -4.8077E-13 F Edot   W
                                           79.962   G T      K
!--------------------------------- 13 ---------------------------------
HARDEND    close the end
     0.0000 a R(1/z)          =13G       2.5373E+5  A |p|    Pa
     0.0000 b I(1/z)          =13H        -44.138   B Ph(p)  deg
     0.0000 c Htot   W        =13E       3.8849E-18 C |U|    m^3/s
                                          123.15    D Ph(U)  deg
                                         2.3981E-14 E Htot   W
                                        -4.8077E-13 F Edot   W
                                        -8.1080E-16 G R(1/z)
                                         1.8291E-16 H I(1/z)
!--------------------------------- 14 ---------------------------------
RPN        simulate insulation in the displacer piston
     0.0000 a =A?                            0.0000               A ChngeMe
7E 7F -
! The restart information below was generated by a previous run
! and will be used by DeltaEC the next time it opens this file.
guessz   0c   0d   0e   4a   4b   4c   6a   9e  11e
xprecn -3.7661E-3  -4.7212E-2   6.1516E-4   1.0392E+4  -7989.1      2.7275E-5  -1.7889E-4   1.1681E-4  -4.5903E-5 
targs    9f  11f  12b  12c  12d  13a  13b  13c  14a
! Plot start, end, and step values.  May be edited if you wish.
! Outer Loop:                       | Inner Loop .

