TITLE     Bare bones Stirling cryocooler                                          
!->stirling.out        
!Created@21:15:28  6-Oct-06 with DeltaE Vers. 6.0g2 for the IBM/PC-Compatible
!---------------------------------  0 ---------------------------------
 BEGIN      Initialize things  
  2.0000E+06 a Mean P    Pa                300.14    A T-beg  G(  0c)     P
    55.000   b Freq.     Hz               2.8459E+05 B  |p|   G(  0d)     P
   300.14    c T-beg     K       G         -43.119   C Ph(p)  G(  0e)     P
  2.8459E+05 d  |p|      Pa      G         -35.833   D HeatIn G(  1e)     P
   -43.119   e Ph(p)     deg     G           4.9896  E HeatIn G(  3e)     P
  3.6500E-04 f  |U|     m^3/s
     0.0000  g Ph(U)     deg
 helium     Gas type
!---------------------------------  1 ---------------------------------
 SX         aftercooler
 sameas   2a a Area      m^2              2.8085E+05 A |p|       Pa
     0.6000  b VolPor                      -43.835   B Ph(p)     deg
  1.0000E-03 c Length     m               3.6265E-04 C |U|     m^3/s
 sameas   2d d   r_H      m                 -0.3900  D Ph(U)     deg
   -35.833   e HeatIn     W      G           2.0781  E Htot      W
   300.00    f Est-T      K    =  1H?       36.973   F Edot      W
                                           300.14    G GasT       K
 copper     Solid type                     300.00    H MetalT     K
!---------------------------------  2 ---------------------------------
 STKSC      regenerator
  1.1670E-04 a Area      m^2              2.2845E+05 A |p|       Pa
     0.6860  b VolPor                      -53.179   B Ph(p)     deg
  5.0000E-02 c Length     m               6.2225E-05 C |U|     m^3/s
  1.3900E-05 d   r_H      m                -49.487   D Ph(U)     deg
     0.3000  e KsFrac                        2.0781  E Htot      W
                                             7.0929  F Edot      W
                                           300.14    G T-beg      K
 stainless  Solid type                      79.960   H T-end      K
!---------------------------------  3 ---------------------------------
 SX         cold heat exch
 sameas   2a a Area      m^2              2.2804E+05 A |p|       Pa
     0.6000  b VolPor                      -53.184   B Ph(p)     deg
  1.0000E-03 c Length     m               6.2000E-05 C |U|     m^3/s
 sameas   2d d   r_H      m                -52.000   D Ph(U)     deg
     4.9896  e HeatIn     W      G           7.0677  E Htot      W
    80.000   f Est-T      K    =  3H?        7.0677  F Edot      W
                                            79.960   G GasT       K
 copper     Solid type                      80.000   H MetalT     K
!---------------------------------  4 ---------------------------------
 RPN        enforce Htot = Edot here
     0.0000  a Target          =  4A?    -4.5359E-12 A RPNval
   Htot Edot -
!---------------------------------  5 ---------------------------------
 RPN        U sub 1 at cold end  4
  6.2000E-05 a Target          =  5A?     6.2000E-05 A RPNval
   3C
!---------------------------------  6 ---------------------------------
 RPN        phase(U) at cold end 5
   -52.000   a Target          =  6A?      -52.000   A RPNval
   3D
 
! The restart information below was generated by a previous run
! You may wish to delete this information before starting a run
! where you will (interactively) specify a different iteration
! mode.  Edit this table only if you really know your model!
guessz    0c 0d 0e 1e 3e 
xprecn   3.6289E-03    -2.4148  -2.0972E-04  4.2941E-04 -1.5454E-05
targs     1f 3f 4a 5a 6a 
SPECIALS    0
