\BOOKMARK [0][-]{chapter.1}{\376\377\000\332\000v\000o\000d}{}% 1
\BOOKMARK [1][-]{section.1.1}{\376\377\000N\000o\000m\000e\000n\000k\000l\000a\000t\000u\000r\000a}{chapter.1}% 2
\BOOKMARK [0][-]{chapter.2}{\376\377\000\332\000v\000o\000d\000n\000\355\000\040\000s\000l\000e\000d\000o\000v\000\341\000n\000\355}{}% 3
\BOOKMARK [1][-]{section.2.1}{\376\377\000U\000r\001\015\000e\000n\000\355\000\040\000p\000a\000r\000a\000m\000e\000t\000r\001\157}{chapter.2}% 4
\BOOKMARK [2][-]{subsection.2.1.1}{\376\377\000P\000a\000r\000a\000m\000e\000t\000r\000y\000\040\000t\000\375\000k\000a\000j\000\355\000c\000\355\000\040\000s\000e\000\040\000k\000o\000n\000f\000i\000g\000u\000r\000a\000c\000e\000\040\000s\000p\000i\000n\000n\000e\000r\001\157}{section.2.1}% 5
\BOOKMARK [2][-]{subsection.2.1.2}{\376\377\000P\000a\000r\000a\000m\000e\000t\000r\000y\000\040\000t\000\375\000k\000a\000j\000\355\000c\000\355\000\040\000s\000e\000\040\000p\000o\000h\000y\000b\000u\000\040\000s\000p\000i\000n\000n\000e\000r\001\157}{section.2.1}% 6
\BOOKMARK [1][-]{section.2.2}{\376\377\000M\000o\000d\000e\000l\000o\000v\000\341\000n\000\355\000\040\000m\000a\000g\000n\000e\000t\001\157}{chapter.2}% 7
\BOOKMARK [1][-]{section.2.3}{\376\377\000P\000o\000p\000i\000s\000\040\000m\000a\000g\000n\000e\000t\000i\000c\000k\000\375\000c\000h\000\040\000i\000n\000t\000e\000r\000a\000k\000c\000\355}{chapter.2}% 8
\BOOKMARK [0][-]{chapter.3}{\376\377\000M\001\033\001\131\000e\000n\000\355\000\040\000p\000a\000r\000a\000m\000e\000t\000r\001\157}{}% 9
\BOOKMARK [1][-]{section.3.1}{\376\377\000R\000o\000z\000m\001\033\000r\000y\000\040\000s\000p\000i\000n\000n\000e\000r\000u}{chapter.3}% 10
\BOOKMARK [1][-]{section.3.2}{\376\377\000M\000o\000m\000e\000n\000t\000\040\000s\000e\000t\000r\000v\000a\001\015\000n\000o\000s\000t\000i}{chapter.3}% 11
\BOOKMARK [2][-]{subsection.3.2.1}{\376\377\000A\000p\000a\000r\000a\000t\000u\000r\000a}{section.3.2}% 12
\BOOKMARK [2][-]{subsection.3.2.2}{\376\377\000A\000n\000a\000l\000\375\000z\000a\000\040\000m\001\033\001\131\000e\000n\000\355\000\040\000a\000\040\000v\000\375\000s\000l\000e\000d\000k\000y}{section.3.2}% 13
\BOOKMARK [2][-]{subsection.3.2.3}{\376\377\000P\000o\000p\000i\000s\000\040\000s\000k\000r\000i\000p\000t\000u}{section.3.2}% 14
\BOOKMARK [1][-]{section.3.3}{\376\377\000R\000e\000m\000a\000n\000e\000n\000c\000e\000\040\000r}{chapter.3}% 15
\BOOKMARK [2][-]{subsection.3.3.1}{\376\377\000U\000r\001\015\000e\000n\000\355\000\040\000r\000e\000m\000a\000n\000e\000n\000c\000e\000\040\000p\001\131\000e\000s\000\040\000m\000a\000g\000n\000e\000t\000i\000c\000k\000\351\000\040\000p\000o\000l\000e}{section.3.3}% 16
\BOOKMARK [3][-]{section*.10}{\376\377\000A\000n\000a\000l\000\375\000z\000a\000\040\000m\001\033\001\131\000e\000n\000\355}{subsection.3.3.1}% 17
\BOOKMARK [2][-]{subsection.3.3.2}{\376\377\000U\000r\001\015\000e\000n\000\355\000\040\000r\000e\000m\000a\000n\000e\000n\000c\000e\000\040\000p\001\131\000e\000s\000\040\000s\000\355\000l\000u}{section.3.3}% 18
\BOOKMARK [2][-]{subsection.3.3.3}{\376\377\000V\000\375\000s\000l\000e\000d\000k\000y}{section.3.3}% 19
\BOOKMARK [0][-]{chapter.4}{\376\377\000T\001\131\000e\000n\000\355}{}% 20
\BOOKMARK [1][-]{section.4.1}{\376\377\000A\000n\000a\000l\000y\000t\000i\000c\000k\000\375\000\040\000p\000o\000p\000i\000s}{chapter.4}% 21
\BOOKMARK [2][-]{subsection.4.1.1}{\376\377\000M\000a\000x\000i\000m\000\341\000l\000n\000\355\000\040\000d\000o\000b\000a\000\040\000o\000t\000\341\001\015\000e\000n\000\355}{section.4.1}% 22
\BOOKMARK [3][-]{equation.4.1.20}{\376\377\000H\000o\000r\000n\000\355\000\040\000l\000i\000m\000i\000t\000\040\000d\000o\000b\000y\000\040\000o\000t\000\341\001\015\000e\000n\000\355\000\040\000n\000\040\000s\000p\000i\000n\000n\000e\000r\001\157}{subsection.4.1.1}% 23
