TITLE     planned first expt in fy 06
!->E:\deltae\PyBugChk\05081220.out
!Created@14:59:36  27-Jun-2007 with DeltaEC Vers. 6.0a0 under win32
!Using Win 5.1.2600 (Service Pack 2) under Python DeltaEC.
!---------------------------------  0 ---------------------------------
BEGIN      in front of top driver
 7.9907E+04 a Mean P Pa                 
  200.00    b Freq   Hz                 
  298.15    c TBeg   K                  
 3882.6     d |p|    Pa       G         
     0.0000 e Ph(p)  deg                
 9.6980E-05 f |U|    m^3/s    G         
-0.95007    g Ph(U)  deg      G         
-2.6300E-08 h Htot   W                  
-3.1800E-07 i Ndot   mol/s              
    0.34064 j nL              G         
HeAr           Gas type                 
!---------------------------------  1 ---------------------------------
MIXCIRC    tube #1 (bottom)
 8.5630E-06 a Area   m^2                 3000.0     A |p|    Pa                 
    1.0000  b GasA/A                     -101.23    B Ph(p)  deg                
    0.5000  c Length m                   8.1411E-05 C |U|    m^3/s              
 1.6510E-03 d radius m                   -101.23    D Ph(U)  deg                
                                        -2.6300E-08 E Htot   W                  
                                            0.12212 F Edot   W                  
                                            0.34064 G nL Beg                    
                                            0.46611 H nL End                    
!---------------------------------  2 ---------------------------------
RPN        pressure amplitude in center
 3000.0     a G or T          =2A       3000.0                    A ChngeMe                    
p1 mag 
!---------------------------------  3 ---------------------------------
RPN        set Re[z]= rho a
     0.0000 a G or T          =3A       -3.6028E-16               A ChngeMe                    
rho a * p1 U1 / 1a * real - rho a * / 
!---------------------------------  4 ---------------------------------
RPN        set Im[z] = 0
     0.0000 a G or T          =4A       1.4868E-16                A ChngeMe                    
p1 U1 / 1a * imag rho a * / 
!---------------------------------  5 ---------------------------------
RPN        feedstock concentration
    0.5000  a G or T                         0.0000               A ChngeMe                    
0 
!---------------------------------  6 ---------------------------------
RPN        [a]=injection (micromol/sec)
    1.5900  a G or T                    6.8668E-07                A ChngeMe                    
                                        1.2720E-06                B ChngeMe                    
6a 1e-6 * Ndot + =Ndot 6a 1e-6 * 5a * NLdot + =NLdot 
!---------------------------------  7 ---------------------------------
MIXCIRC    tube #2 (bottom)
sameas 1a   a Area   m^2                 2350.2     A |p|    Pa                 
sameas 1b   b GasA/A                      163.69    B Ph(p)  deg                
sameas 1c   c Length m                   6.7249E-05 C |U|    m^3/s              
sameas 1d   d radius m                    163.84    D Ph(U)  deg                
                                        -6.1169E-05 E Htot   W                  
                                         7.9026E-02 F Edot   W                  
                                            0.46611 G nL Beg                    
                                            0.53984 H nL End                    
!---------------------------------  8 ---------------------------------
RPN        exit bulk condition
     0.0000 a G or T          =8A       2.7469E-15                A ChngeMe                    
nL Ndot * NLdot - Ndot / 
! The restart information below was generated by a previous run
! and will be used by DeltaEC the next time it opens this file.
guessz   0d   0f   0g   0j
xprecn  2.5328E-03 -1.6506E-10  1.4511E-07  4.1076E-06
targs     2a   3a   4a   8a
hilite   8A
! Plot start, end, and step values.  May be edited if you wish.
! Outer Loop:                       | Inner Loop .

