TITLE      Model of 1982 Penn State Championship Bottle
!->C:\Users\092710\Documents\DeltaEC\PySource\Examples\TEMPORARY\bottle6a.out
!Created@18:37:06  22-Aug-2019 with DeltaEC version 6.4b2.8!under win32,
using Win 6.1.7601 (Service Pack 1) under Python 2.7.9.
!---------------------------------  0 ---------------------------------
BEGIN      The mouth
 1.0000E+5  a Mean P Pa                 
 1200.0     b Freq   Hz       IP        
  500.00    c TBeg   K        OP        
    1.0000  d |p|    Pa                 
 3.9913E-12 e Ph(p)  deg                
 1.7641E-7  f |U|    m^3/s    G         
-8.8480E+4  g Ph(U)  deg      G         
air           Gas type                  
!---------------------------------  1 ---------------------------------
DUCT       the neck
 2.1410E-4  a Area   m^2      Mstr          1.0302  A |p|    Pa
 5.1870E-2  b Perim  m        1a           -0.7743  B Ph(p)  deg
 1.7780E-2  c Length m                   4.7388E-8  C |U|    m^3/s
                                          -52.161   D Ph(U)  deg
                                         1.5902E-8  E Htot   W
ideal           Solid type               1.5233E-8  F Edot   W
!---------------------------------  2 ---------------------------------
CONE       Transition from neck to volume
sameas   1a a AreaI  m^2                    0.3377  A |p|    Pa
sameas   1b b PerimI m                     -2.3912  B Ph(p)  deg
    0.1003  c Length m                   3.1346E-6  C |U|    m^3/s
sameas   3a d AreaF  m^2                  -91.445   D Ph(U)  deg
sameas   3b e PerimF m                   1.5902E-8  E Htot   W
ideal           Solid type               8.7422E-9  F Edot   W
!---------------------------------  3 ---------------------------------
DUCT       Bottle volume
 1.8680E-3  a Area   m^2      Mstr          0.62388 A |p|    Pa
    0.1532  b Perim  m        3a          178.23    B Ph(p)  deg
    0.1270  c Length m                   1.5530E-9  C |U|    m^3/s
                                          178.23    D Ph(U)  deg
                                         1.5902E-8  E Htot   W
ideal           Solid type               4.8445E-10 F Edot   W
!---------------------------------  4 ---------------------------------
SURFACE    Bottom End
sameas   3a a Area   m^2                    0.62388 A |p|    Pa
                                          178.23    B Ph(p)  deg
                                         8.6739E-16 C |U|    m^3/s
                                           15.461   D Ph(U)  deg
                                         1.5902E-8  E Htot   W
ideal           Solid type              -2.5844E-16 F Edot   W
!---------------------------------  5 ---------------------------------
HARDEND    Final
     0.0000 a R(1/z)          =5G           0.62388 A |p|    Pa
     0.0000 b I(1/z)          =5H         178.23    B Ph(p)  deg
     0.0000 c Htot   W                   8.6739E-16 C |U|    m^3/s
                                           15.461   D Ph(U)  deg
                                         1.5902E-8  E Htot   W
                                        -2.5844E-16 F Edot   W
                                        -2.2202E-10 G R(1/z)
                                        -6.8838E-11 H I(1/z)
! The restart information below was generated by a previous run
! and will be used by DeltaEC the next time it opens this file.
guessz   0f   0g
xprecn -2.2122E-12 -0.38631   
targs    5a   5b
mstr-slave 2 1 -2 3 -2
! Plot start, end, and step values.  May be edited if you wish.
! Outer Loop:                       | Inner Loop .
pltvar   0c   0b  0f   0g   5A
    300     500     100     100    1200       2

