TITLE      Backhaus 1998 TASHE
!->C:\Users\092710\Documents\DeltaEC\PySource\Examples\SteadyFlow\tashe5.out
!Created@14:07:51  05-Apr-2021 with DeltaEC version 6.4b2.9!under win32,
using Win 6.1.7601 (Service Pack 1) under Python 2.7.9.
!---------------------------------  0 ---------------------------------
BEGIN      the setup
 3.1030E+6  a Mean P Pa                 
   85.894   b Freq   Hz       G         
  325.00    c TBeg   K                  
 3.0038E+5  d |p|    Pa       G         
     0.0000 e Ph(p)  deg                
     0.0000 f |U|    m^3/s              
     0.0000 g Ph(U)  deg                
     0.0000 i Ndot   mol/s              
helium           Gas type               
!---------------------------------  1 ---------------------------------
TBRANCH    Split up the flow
-1.5403E+7  a Re(Zb) Pa-s/m^3 G          3.0038E+5  A |p|    Pa
 1.0814E+7  b Im(Zb) Pa-s/m^3 G              0.0000 B Ph(p)  deg
-1263.0     c HtotBr W                   1.5961E-2  C |U|    m^3/s
     0.0000 d NdotBr mol/s               -144.93    D Ph(U)  deg
                                        -1263.0     E HtotBr W
                                        -1961.9     F EdotBr W
                                         1961.9     G EdotTr W
!---------------------------------  2 ---------------------------------
DUCT       180 bend plus brass connecting flange (pg 27 book 4)
 8.1500E-3  a Area   m^2                 2.9452E+5  A |p|    Pa
    0.3200  b Perim  m                      0.27792 B Ph(p)  deg
    0.3540  c Length m                      0.10001 C |U|    m^3/s
 6.0000E-4  d Srough                      -97.489   D Ph(U)  deg
                                        -1263.0     E Htot   W
stainless           Solid type          -1990.4     F Edot   W
!---------------------------------  3 ---------------------------------
CONE       4" to 3" Concentric reducer (pg 36 book 4)
 8.1070E-3  a AreaI  m^2                 2.8990E+5  A |p|    Pa
    0.3190  b PerimI m                      0.39266 B Ph(p)  deg
    0.1020  c Length m                      0.11938 C |U|    m^3/s
sameas   4a d AreaF  m^2      Mstr        -96.24    D Ph(U)  deg
    0.2390  e PerimF m        3d        -1263.0     E Htot   W
 6.0000E-4  f Srough                    -1998.7     F Edot   W
stainless           Solid type          
!---------------------------------  4 ---------------------------------
DUCT       3" FB Duct - Length given in concept.skf
 4.5600E-3  a Area   m^2      Mstr       2.7063E+5  A |p|    Pa
    0.2390  b Perim  m        4a            0.8276  B Ph(p)  deg
    0.2600  c Length m                      0.15407 C |U|    m^3/s
 3.0000E-4  d Srough                      -94.747   D Ph(U)  deg
                                        -1263.0     E Htot   W
stainless           Solid type          -2025.3     F Edot   W
!---------------------------------  5 ---------------------------------
CONE       3.5" to 3" Long radius reducing elbow (pg 36 book 4)
sameas   4a a AreaI  m^2      Mstr       2.5433E+5  A |p|    Pa
    0.2390  b PerimI m        5a            1.1774  B Ph(p)  deg
    0.2090  c Length m                      0.18472 C |U|    m^3/s
 6.2070E-3  d AreaF  m^2                  -93.831   D Ph(U)  deg
    0.2790  e PerimF m                  -1263.0     E Htot   W
 6.0000E-4  f Srough                    -2050.7     F Edot   W
stainless           Solid type          
!---------------------------------  6 ---------------------------------
MINOR      minor loss, small end of elbow
sameas   5d a Area   m^2                 2.5436E+5  A |p|    Pa
    0.1700  b K+                            1.2433  B Ph(p)  deg
    0.1700  c K-                            0.18472 C |U|    m^3/s
                                          -93.831   D Ph(U)  deg
                                        -1263.0     E Htot   W
                                        -2077.8     F Edot   W
!---------------------------------  7 ---------------------------------
DUCT       FB connector/part of tee (Pg 55 book 4 concept.skf)
 6.2070E-3  a Area   m^2                 2.4905E+5  A |p|    Pa
    0.2790  b Perim  m                      1.3546  B Ph(p)  deg
 7.0000E-2  c Length m                      0.19614 C |U|    m^3/s
 6.0000E-4  d Srough                      -93.545   D Ph(U)  deg
                                        -1263.0     E Htot   W
stainless           Solid type          -2086.0     F Edot   W
!---------------------------------  8 ---------------------------------
SOFTEND    End of feedback branch
     0.0000 a Re(z)                      2.4905E+5  A |p|    Pa
     0.0000 b Im(z)                         1.3546  B Ph(p)  deg
     0.0000 c Htot   W                      0.19614 C |U|    m^3/s
                                          -93.545   D Ph(U)  deg
                                        -1263.0     E Htot   W
                                        -2086.0     F Edot   W
                                        -0.13807    G Re(z)
                                            1.6106  H Im(z)
                                          325.00    I T      K
                                        -0.83869    J p20DEC Pa
!---------------------------------  9 ---------------------------------
CONE       gas diode plate
 5.8880E-4  a AreaI  m^2                 3.0151E+5  A |p|    Pa
    0.4210  b PerimI m                  -0.44344    B Ph(p)  deg
 2.5399E-2  c Length m                   1.5731E-2  C |U|    m^3/s
 2.4907E-4  d AreaF  m^2      G            34.069   D Ph(U)  deg
    0.1850  e PerimF m                   1263.0     E Htot   W
 5.0000E-4  f Srough                     1954.1     F Edot   W
ideal           Solid type              
!--------------------------------- 10 ---------------------------------
MINOR      minor loss here
sameas   9d a Area   m^2                 2.9872E+5  A |p|    Pa
    0.8000  b K+                        -0.81128    B Ph(p)  deg
 7.0000E-2  c K-                         1.5731E-2  C |U|    m^3/s
                                           34.069   D Ph(U)  deg
                                         1263.0     E Htot   W
                                         1927.5     F Edot   W
!--------------------------------- 11 ---------------------------------
DUCT       jetting space
 6.8250E-3  a Area   m^2                 2.9877E+5  A |p|    Pa
    0.2930  b Perim  m                  -0.82844    B Ph(p)  deg
 1.9000E-2  c Length m                   1.3810E-2  C |U|    m^3/s
 5.0000E-4  d Srough                       20.166   D Ph(U)  deg
                                         1263.0     E Htot   W
ideal           Solid type               1926.1     F Edot   W
!--------------------------------- 12 ---------------------------------
TX         Main room temp water HX (pg 90 book 3)
 6.6580E-3  a Area   m^2                 2.9888E+5  A |p|    Pa
    0.2275  b GasA/A                    -0.92253    B Ph(p)  deg
 2.0400E-2  c Length m                   1.3398E-2  C |U|    m^3/s
 1.2700E-3  d radius m                     16.110   D Ph(U)  deg
-1576.4     e HeatIn W        G          -313.42    E Htot   W
  300.00    f SolidT K                   1914.5     F Edot   W
                                          325.00    G GasT   K
                                          293.70    H SolidT K
stainless           Solid type           -313.42    I H2k    W
!--------------------------------- 13 ---------------------------------
DUCT       Regen cold end dead space due to ribs (pg 91 book 3)
 4.9700E-3  a Area   m^2                 2.9889E+5  A |p|    Pa
    0.7400  b Perim  m                  -0.92647    B Ph(p)  deg
 3.1750E-3  c Length m                   1.3258E-2  C |U|    m^3/s
                                           14.065   D Ph(U)  deg
                                         -313.42    E Htot   W
stainless           Solid type           1913.9     F Edot   W
!--------------------------------- 14 ---------------------------------
STKSCREEN  Regenerator (pg 92 book 3) (Ks frac est:pg 20 book 4)
 6.2070E-3  a Area   m^2                 2.5403E+5  A |p|    Pa
    0.7190  b VolPor                        1.9140  B Ph(p)  deg
 7.3000E-2  c Length m                   3.2262E-2  C |U|    m^3/s
 4.2200E-5  d rh     m                    -30.723   D Ph(U)  deg
    0.3000  e ksFrac                     -313.42    E Htot   W
                                         3450.7     F Edot   W
                                          325.00    G TBeg   K
                                          734.14    H TEnd   K
stainless           Solid type           -313.42    I H2k    W
!--------------------------------- 15 ---------------------------------
DUCT       All regen hot end dead space (pg 92 book 3)(area is avg)
 4.6200E-3  a Area   m^2                 2.5399E+5  A |p|    Pa
    2.0000  b Perim  m                      1.9012  B Ph(p)  deg
 8.7000E-3  c Length m                   3.2837E-2  C |U|    m^3/s
 6.0000E-4  d Srough                      -32.405   D Ph(U)  deg
                                         -313.42    E Htot   W
stainless           Solid type           3444.7     F Edot   W
!--------------------------------- 16 ---------------------------------
HX         HHX (pg 93 book 4) heat xfer area used/not acoustic area
 5.6970E-3  a Area   m^2                 2.5395E+5  A |p|    Pa
    0.9867  b GasA/A                        1.8937  B Ph(p)  deg
 6.3500E-3  c Length m                   3.3349E-2  C |U|    m^3/s
 7.9400E-4  d y0     m                    -34.048   D Ph(U)  deg
 3700.0     e HeatIn W                   3386.6     E Htot   W
     0.0000 f SolidT K                   3428.3     F Edot   W
                                          734.14    G GasT   K
                                          824.37    H SolidT K
stainless           Solid type           3386.6     I H2k    W
!--------------------------------- 17 ---------------------------------
JOIN       thermal buffer tube end effects
                                         2.5395E+5  A |p|    Pa
                                            1.8937  B Ph(p)  deg
                                         3.2598E-2  C |U|    m^3/s
                                          -34.048   D Ph(U)  deg
                                         3386.6     E Htot   W
                                         3351.2     F Edot   W
                                          734.14    G TBeg   K
                                          734.14    H TEnd   K
!--------------------------------- 18 ---------------------------------
DUCT       hhx dead space (pg 94 book 3) stainless used for Qdot
 5.4400E-3  a Area   m^2                 2.5394E+5  A |p|    Pa
    0.2620  b Perim  m                      1.8892  B Ph(p)  deg
 3.6830E-3  c Length m                   3.2912E-2  C |U|    m^3/s
                                          -34.803   D Ph(U)  deg
                                         3386.6     E Htot   W
stainless           Solid type           3350.8     F Edot   W
!--------------------------------- 19 ---------------------------------
STKDUCT    Straight section of thermal buffer tube (pg 101 bk 4)
 7.0000E-3  a Area   m^2      Mstr       2.5140E+5  A |p|    Pa
    0.2963  b Perim  m        19a           1.5540  B Ph(p)  deg
    0.2400  c Length m                   6.9168E-2  C |U|    m^3/s
 1.1600E-3  d WallA  m^2                  -65.884   D Ph(U)  deg
                                         3386.6     E Htot   W
                                         3336.0     F Edot   W
                                          734.14    G TBeg   K
                                          324.35    H TEnd   K
stainless           Solid type           3386.6     I H2k    W
!--------------------------------- 20 ---------------------------------
JOIN       thermal buffer tube end effects
                                         2.5140E+5  A |p|    Pa
                                            1.5540  B Ph(p)  deg
                                         6.8438E-2  C |U|    m^3/s
                                          -65.884   D Ph(U)  deg
                                         3386.6     E Htot   W
                                         3300.8     F Edot   W
                                          324.35    G TBeg   K
                                          325.00    H TEnd   K
!--------------------------------- 21 ---------------------------------
RPN        how much heat must be rejected here? Resonator is insulated
     0.0000 a G or T                    -2123.6                   A ChngeMe
16e 12e + ~
!--------------------------------- 22 ---------------------------------
TX         Small water Xger
 6.6580E-3  a Area   m^2                 2.5044E+5  A |p|    Pa
    0.2690  b GasA/A                        1.4774  B Ph(p)  deg
 1.0160E-2  c Length m                   6.8890E-2  C |U|    m^3/s
 2.2860E-3  d radius m                    -66.06    D Ph(U)  deg
sameas  21A e HeatIn W                   1263.0     E Htot   W
  290.00    f SolidT K                   3296.0     F Edot   W
                                          325.00    G GasT   K
                                          196.11    H SolidT K
ideal           Solid type               1263.0     I H2k    W
!--------------------------------- 23 ---------------------------------
DUCT       PT connector (see pg 55 book 4 and concept.skf)
 6.2070E-3  a Area   m^2                 2.4905E+5  A |p|    Pa
    0.2790  b Perim  m                      1.3546  B Ph(p)  deg
 5.1000E-2  c Length m                   7.6589E-2  C |U|    m^3/s
 6.0000E-4  d Srough                      -68.444   D Ph(U)  deg
                                         1263.0     E Htot   W
stainless           Solid type           3293.4     F Edot   W
!--------------------------------- 24 ---------------------------------
UNION      Rejoin
  8         a SegNum                     2.4905E+5  A |p|    Pa
sameas   8A b |p|Sft Pa       =24A          1.3546  B Ph(p)  deg
sameas   8B c Ph(p)S deg      =24B          0.26748 C |U|    m^3/s
sameas   8I d TSoft  K        =24G        -86.568   D Ph(U)  deg
sameas   8J e p20DES Pa       =24H      -4.5475E-13 E Htot   W
                                         1207.3     F Edot   W
                                          325.00    G T      K
                                        -0.83869    H p20DEC Pa
!--------------------------------- 25 ---------------------------------
DUCT       Section of 3.5" tee
 6.2070E-3  a Area   m^2                 2.3858E+5  A |p|    Pa
    0.2790  b Perim  m                      1.2841  B Ph(p)  deg
 9.5300E-2  c Length m                      0.2826  C |U|    m^3/s
 6.0000E-4  d Srough                      -86.699   D Ph(U)  deg
                                        -4.5475E-13 E Htot   W
stainless           Solid type           1186.7     F Edot   W
!--------------------------------- 26 ---------------------------------
CONE       3.5" to 4" cone to adapt to resonator (pg 93 book 4)
 6.2070E-3  a AreaI  m^2                 2.2801E+5  A |p|    Pa
    0.2790  b PerimI m                      1.2080  B Ph(p)  deg
    0.1040  c Length m                      0.3007  C |U|    m^3/s
 8.1070E-3  d AreaF  m^2                  -86.837   D Ph(U)  deg
    0.3200  e PerimF m                  -4.5475E-13 E Htot   W
 3.0000E-4  f Srough                     1169.3     F Edot   W
stainless           Solid type          
!--------------------------------- 27 ---------------------------------
DUCT       Initial section of resonator
 8.1070E-3  a Area   m^2                 2.2276E+5  A |p|    Pa
    0.3200  b Perim  m                      1.1700  B Ph(p)  deg
 5.6000E-2  c Length m                      0.31142 C |U|    m^3/s
 6.0000E-4  d Srough                      -86.914   D Ph(U)  deg
                                        -4.5475E-13 E Htot   W
stainless           Solid type           1159.9     F Edot   W
!--------------------------------- 28 ---------------------------------
BRANCH     RC dissipator
 4.0368E+7  a Re(Zb) Pa-s/m^3            2.2276E+5  A |p|    Pa
     0.0000 b Im(Zb) Pa-s/m^3               1.1700  B Ph(p)  deg
     0.0000 c HtotBr W                      0.31128 C |U|    m^3/s
                                          -87.929   D Ph(U)  deg
                                        -4.5475E-13 E Htot   W
                                          545.31    F Edot   W
                                          614.64    G EdotBr W
!--------------------------------- 29 ---------------------------------
DUCT       Continuation of resonator
sameas  27a a Area   m^2                 2.0309E+4  A |p|    Pa
    0.3189  b Perim  m                   -177.55    B Ph(p)  deg
    1.8500  c Length m                      0.48351 C |U|    m^3/s
sameas  27d d Srough                      -88.44    D Ph(U)  deg
                                        -4.5475E-13 E Htot   W
stainless           Solid type             76.382   F Edot   W
!--------------------------------- 30 ---------------------------------
CONE       7 degree cone - 10.02" final diameter
sameas  29a a AreaI  m^2      Mstr       8.6885E+4  A |p|    Pa
    0.3194  b PerimI m        30a        -178.39    B Ph(p)  deg
    1.2502  c Length m                      0.22858 C |U|    m^3/s
 5.0870E-2  d AreaF  m^2                  -88.447   D Ph(U)  deg
    0.8000  e PerimF m                  -4.5475E-13 E Htot   W
sameas  29d f Srough                        9.8149  F Edot   W
stainless           Solid type          
!--------------------------------- 31 ---------------------------------
DUCT       10" duct P8
 5.0870E-2  a Area   m^2                 8.9605E+4  A |p|    Pa
    0.8000  b Perim  m                   -178.39    B Ph(p)  deg
    0.4850  c Length m                   3.6051E-5  C |U|    m^3/s
sameas  29d d Srough                     -133.4     D Ph(U)  deg
                                        -4.5475E-13 E Htot   W
stainless           Solid type              1.1421  F Edot   W
!--------------------------------- 32 ---------------------------------
SURFACE    end cap of resonator
 5.0900E-2  a Area   m^2                 8.9605E+4  A |p|    Pa
                                         -178.39    B Ph(p)  deg
                                         8.1649E-10 C |U|    m^3/s
                                           88.467   D Ph(U)  deg
                                        -4.5475E-13 E Htot   W
ideal           Solid type              -2.0032E-6  F Edot   W
!--------------------------------- 33 ---------------------------------
HARDEND    end of duct
     0.0000 a R(1/z)          =33G       8.9605E+4  A |p|    Pa
     0.0000 b I(1/z)          =33H       -178.39    B Ph(p)  deg
     0.0000 c Htot   W                   8.1649E-10 C |U|    m^3/s
     0.0000 d Ndot   mol/s                 88.467   D Ph(U)  deg
                                        -4.5475E-13 E Htot   W
                                        -2.0032E-6  F Edot   W
                                        -4.7823E-11 G R(1/z)
                                        -8.7202E-10 H I(1/z)
                                             0.0000 I Ndot   mol/s
! The restart information below was generated by a previous run
! and will be used by DeltaEC the next time it opens this file.
guessz   0b   0d   1a   1b   9d  12e
xprecn  8.9349E-5  -0.59918     -106.49     -349.45     4.3233E-9  -1.7852E-2 
targs   24b  24c  24d  24e  33a  33b
hilite 0b 0d 16G 16H
mstr-slave 5 3 -3 4 -2 5 -2 19 -2 30 -2
! Plot start, end, and step values.  May be edited if you wish.
! Outer Loop:                       | Inner Loop .

